2020-07-22 11:47:31 INFO  com.staging.ManagementBoardBack - Starting ManagementBoardBack on DESKTOP-MICHAEL with PID 5288 (C:\MJM\Revature\Staging\StagingManagementBoardProject\ManagementBoardBack\target\classes started by Michael in C:\MJM\Revature\Staging\StagingManagementBoardProject\ManagementBoardBack)
2020-07-22 11:47:31 DEBUG com.staging.ManagementBoardBack - Running with Spring Boot v2.3.1.RELEASE, Spring v5.2.7.RELEASE
2020-07-22 11:47:31 INFO  com.staging.ManagementBoardBack - No active profile set, falling back to default profiles: default
2020-07-22 11:47:32 TRACE com.staging.dao.FakeDataImpl - FakeDataImpl.FakeDataImpl()
2020-07-22 11:47:32 INFO  com.staging.dao.FakeDataImpl - Sample user data has been set up
2020-07-22 11:47:32 INFO  com.staging.ManagementBoardBack - Started ManagementBoardBack in 1.707 seconds (JVM running for 2.007)
2020-07-22 11:47:57 TRACE c.s.controller.DebugController - This is a trace message
2020-07-22 11:47:57 DEBUG c.s.controller.DebugController - This is a debug message
2020-07-22 11:47:57 INFO  c.s.controller.DebugController - This is an info message
2020-07-22 11:47:57 WARN  c.s.controller.DebugController - This is a warn message
2020-07-22 11:47:57 ERROR c.s.controller.DebugController - This is an error message
2020-07-22 11:47:57 TRACE com.staging.dao.FakeDataImpl - FakeDataImpl.getAllUsers()
2020-07-22 11:52:25 INFO  com.staging.ManagementBoardBack - Starting ManagementBoardBack on DESKTOP-MICHAEL with PID 1972 (C:\MJM\Revature\Staging\StagingManagementBoardProject\ManagementBoardBack\target\classes started by Michael in C:\MJM\Revature\Staging\StagingManagementBoardProject\ManagementBoardBack)
2020-07-22 11:52:25 DEBUG com.staging.ManagementBoardBack - Running with Spring Boot v2.3.1.RELEASE, Spring v5.2.7.RELEASE
2020-07-22 11:52:25 INFO  com.staging.ManagementBoardBack - No active profile set, falling back to default profiles: default
2020-07-22 11:52:26 TRACE com.staging.dao.FakeDataImpl - FakeDataImpl.FakeDataImpl()
2020-07-22 11:52:26 INFO  com.staging.dao.FakeDataImpl - Sample user data has been set up
2020-07-22 11:52:26 INFO  com.staging.ManagementBoardBack - Started ManagementBoardBack in 1.564 seconds (JVM running for 1.861)
2020-07-22 11:52:32 TRACE c.s.controller.DebugController - This is a trace message
2020-07-22 11:52:32 DEBUG c.s.controller.DebugController - This is a debug message
2020-07-22 11:52:32 INFO  c.s.controller.DebugController - This is an info message
2020-07-22 11:52:32 WARN  c.s.controller.DebugController - This is a warn message
2020-07-22 11:52:32 ERROR c.s.controller.DebugController - This is an error message
2020-07-22 11:52:32 TRACE com.staging.dao.FakeDataImpl - FakeDataImpl.getAllUsers()
2020-07-22 11:52:45 TRACE com.staging.dao.FakeDataImpl - FakeDataImpl.addUser()
2020-07-22 11:52:45 INFO  com.staging.dao.FakeDataImpl - adding user: dsmith
2020-07-22 12:48:48 INFO  com.staging.ManagementBoardBack - Starting ManagementBoardBack on DESKTOP-MICHAEL with PID 11312 (C:\MJM\Revature\Staging\StagingManagementBoardProject\ManagementBoardBack\target\classes started by Michael in C:\MJM\Revature\Staging\StagingManagementBoardProject\ManagementBoardBack)
2020-07-22 12:48:48 DEBUG com.staging.ManagementBoardBack - Running with Spring Boot v2.3.1.RELEASE, Spring v5.2.7.RELEASE
2020-07-22 12:48:48 INFO  com.staging.ManagementBoardBack - No active profile set, falling back to default profiles: default
2020-07-22 12:48:49 TRACE com.staging.dao.FakeDataImpl - FakeDataImpl()
2020-07-22 12:48:49 INFO  com.staging.dao.FakeDataImpl - Sample user data has been set up
2020-07-22 12:48:49 INFO  com.staging.ManagementBoardBack - Started ManagementBoardBack in 1.57 seconds (JVM running for 1.861)
2020-07-22 12:49:08 TRACE c.staging.controller.UserController - addUser()
2020-07-22 12:49:08 INFO  c.staging.controller.UserController - POST Request to '/api/v1/user/signup' 
2020-07-22 12:49:08 TRACE com.staging.service.UserService - addUser()
2020-07-22 12:49:08 TRACE com.staging.dao.FakeDataImpl - addUser()
2020-07-22 12:49:08 INFO  com.staging.dao.FakeDataImpl - adding user: sjones
2020-07-22 12:55:30 INFO  com.staging.ManagementBoardBack - Starting ManagementBoardBack on DESKTOP-MICHAEL with PID 10696 (C:\MJM\Revature\Staging\StagingManagementBoardProject\ManagementBoardBack\target\classes started by Michael in C:\MJM\Revature\Staging\StagingManagementBoardProject\ManagementBoardBack)
2020-07-22 12:55:30 DEBUG com.staging.ManagementBoardBack - Running with Spring Boot v2.3.1.RELEASE, Spring v5.2.7.RELEASE
2020-07-22 12:55:30 INFO  com.staging.ManagementBoardBack - No active profile set, falling back to default profiles: default
2020-07-22 12:55:31 TRACE com.staging.dao.FakeDataImpl - FakeDataImpl()
2020-07-22 12:55:31 INFO  com.staging.dao.FakeDataImpl - Sample user data has been set up
2020-07-22 12:55:31 INFO  com.staging.ManagementBoardBack - Started ManagementBoardBack in 1.538 seconds (JVM running for 1.838)
2020-07-22 12:56:19 INFO  com.staging.ManagementBoardBack - Starting ManagementBoardBack on DESKTOP-MICHAEL with PID 12248 (C:\MJM\Revature\Staging\StagingManagementBoardProject\ManagementBoardBack\target\classes started by Michael in C:\MJM\Revature\Staging\StagingManagementBoardProject\ManagementBoardBack)
2020-07-22 12:56:19 DEBUG com.staging.ManagementBoardBack - Running with Spring Boot v2.3.1.RELEASE, Spring v5.2.7.RELEASE
2020-07-22 12:56:19 INFO  com.staging.ManagementBoardBack - No active profile set, falling back to default profiles: default
2020-07-22 12:56:20 TRACE com.staging.dao.FakeDataImpl - FakeDataImpl()
2020-07-22 12:56:20 INFO  com.staging.dao.FakeDataImpl - Sample user data has been set up
2020-07-22 12:56:20 INFO  com.staging.ManagementBoardBack - Started ManagementBoardBack in 1.546 seconds (JVM running for 1.843)
2020-07-22 12:56:31 TRACE c.staging.controller.UserController - getUserByUsernameAndPassword()
2020-07-22 12:56:31 INFO  c.staging.controller.UserController - POST Request to '/api/v1/user/login' 
2020-07-22 12:56:31 TRACE com.staging.service.UserService - getUserByUsernameAndPassword()
2020-07-22 12:56:31 TRACE com.staging.dao.FakeDataImpl - getUserByUsernameAndPassword()
2020-07-22 12:56:31 INFO  com.staging.dao.FakeDataImpl - User found: 
User [id=9136f20c-8c09-4d97-807f-c7c7e6b5df5a, firstName=Joe, lastName=Smith, username=jsmith, password=j123, boards=[Board [id=e889d7ff-eaea-42c3-b70e-1bda4c3ed78d, title=Board 1, categories=[Category [id=e8946340-5b7e-43f1-a7fe-03e51630e379, title=Category 1-1, cards=[Card [id=2846e502-ea98-4968-9cbe-6a5b6e379dc8, title=Task 1, description=Description of task 111], Card [id=ce29559f-4315-47db-bd6d-68433197b975, title=Task 2, description=Description of task 112], Card [id=33d06f05-4bdf-480e-9c80-625a2bf87d36, title=Task 3, description=Description of task 113], Card [id=85ceda19-b7cb-4684-9142-dd6f21c99650, title=Task 4, description=Description of task 114], Card [id=b18578c2-fe41-45da-b7a1-b1260590ef56, title=Task 5, description=Description of task 115]]], Category [id=374920e8-b2f6-4ef4-8143-5ca003968206, title=Category 1-2, cards=[Card [id=9172532b-0204-4d4a-a34e-0fa86378dd2f, title=Task 1, description=Description of task 121], Card [id=868c70d2-f4ea-49a9-a11f-f83271e25a03, title=Task 2, description=Description of task 122], Card [id=0dbebfbb-38b4-43ca-bf81-c8262890227a, title=Task 3, description=Description of task 123], Card [id=ad491f0f-0d40-4948-9148-9be7c76fe2c5, title=Task 4, description=Description of task 124], Card [id=22b1c44e-553e-4ef1-9635-0e3b3c324ce7, title=Task 5, description=Description of task 125]]], Category [id=b14ae5cf-ba3a-4e7b-b355-7a9190340203, title=Category 1-3, cards=[Card [id=ed87b984-646f-4dea-8aba-67bf13e6cb37, title=Task 1, description=Description of task 131], Card [id=983dfab4-1dd1-4707-afca-403672b77733, title=Task 2, description=Description of task 132], Card [id=006aa761-a31d-474d-9213-c23ab7aba91a, title=Task 3, description=Description of task 133], Card [id=46a0b1ac-5162-4cc5-8592-9ded0bfdcf2a, title=Task 4, description=Description of task 134], Card [id=6c001913-4b5c-43e4-bba2-0c2b8059f302, title=Task 5, description=Description of task 135]]], Category [id=a11e8f06-6cd4-4d3e-bda7-8fa237a210d5, title=Category 1-4, cards=[Card [id=6696d47e-aa89-425e-8ae4-d71f0db0f334, title=Task 1, description=Description of task 141], Card [id=e15f7b14-995c-4510-9dd2-09b838f23416, title=Task 2, description=Description of task 142], Card [id=51fc261e-ccfc-41dc-8b08-8abc3fcffce7, title=Task 3, description=Description of task 143], Card [id=6cf64227-aaae-494f-a928-77d551ebe4e7, title=Task 4, description=Description of task 144], Card [id=54e08129-bb08-4ece-8501-887dde1ca33a, title=Task 5, description=Description of task 145]]]]], Board [id=2f3dc615-5df4-4343-a875-68f5d00cb8c0, title=Board 2, categories=[Category [id=2675db27-edd8-4ce3-93a7-dfbf92718326, title=Category 2-1, cards=[Card [id=0fbd0693-b892-404f-801e-6b409dd854c5, title=Task 1, description=Description of task 211], Card [id=4ef6d986-04f7-4494-bc26-637069ec4ac6, title=Task 2, description=Description of task 212], Card [id=46065e2d-06fe-42be-b23b-218f89509c50, title=Task 3, description=Description of task 213], Card [id=4c05cc33-5baa-4533-a266-bb48706a1ae0, title=Task 4, description=Description of task 214], Card [id=c47df37a-13b4-4be3-9539-c7056e1e0f3f, title=Task 5, description=Description of task 215]]], Category [id=dd4355e0-bbbb-45b5-be13-9ee8a5639207, title=Category 2-2, cards=[Card [id=38f4f910-ab31-4a5a-a1c4-b7d1c6463d52, title=Task 1, description=Description of task 221], Card [id=b4df292e-e299-4374-8832-416e6d5f1a44, title=Task 2, description=Description of task 222], Card [id=bd568edb-ea7c-4907-8075-693f99cfc74b, title=Task 3, description=Description of task 223], Card [id=a037134e-3e6c-42e3-9a7c-b5d12ad7732f, title=Task 4, description=Description of task 224], Card [id=b7bb7e7c-d04e-4e18-b7fa-24801e058f43, title=Task 5, description=Description of task 225]]], Category [id=8efbcd06-59c2-4865-8ce9-8d393e11c896, title=Category 2-3, cards=[Card [id=9f6c143a-8518-4f52-898d-5bce0a9ea4f4, title=Task 1, description=Description of task 231], Card [id=ea2fd502-f6c6-4994-86f4-03bb12e49a27, title=Task 2, description=Description of task 232], Card [id=63cd0780-d0c0-489f-a5b3-3fccfdc81e4a, title=Task 3, description=Description of task 233], Card [id=65b2df0c-ce0a-46a9-a8de-32efc4839988, title=Task 4, description=Description of task 234], Card [id=1e1327b7-2a96-454d-af1d-6283708fb5d6, title=Task 5, description=Description of task 235]]], Category [id=89ce2a5b-01a9-4733-8d3f-a568d309946c, title=Category 2-4, cards=[Card [id=3b22dcf5-39e8-457a-8d91-9ecbeaf82197, title=Task 1, description=Description of task 241], Card [id=02c2cab5-9759-4622-bf27-fb9cbb1e89af, title=Task 2, description=Description of task 242], Card [id=82f94a3f-8aff-4169-a3b5-60e7fe9712f6, title=Task 3, description=Description of task 243], Card [id=1d2524a0-6dfe-48c9-9338-9128f16ec8a2, title=Task 4, description=Description of task 244], Card [id=8ae44b6d-25a4-448a-8cfa-9ba36acee927, title=Task 5, description=Description of task 245]]]]], Board [id=a3c5bb4a-3be9-4fee-b7a6-df84f7c0d46c, title=Board 3, categories=[Category [id=c2ea6214-0e21-45be-a144-456a6cda3943, title=Category 3-1, cards=[Card [id=342c11e2-4758-48cd-9553-b716b8aecc95, title=Task 1, description=Description of task 311], Card [id=65c09638-085e-4dc6-8868-3e22c91b94de, title=Task 2, description=Description of task 312], Card [id=731f0ea5-9b68-4586-a19a-8b8606737b91, title=Task 3, description=Description of task 313], Card [id=62b2f6b4-5122-402b-8083-ae41621b9875, title=Task 4, description=Description of task 314], Card [id=c7d3d50f-a804-4634-9f01-353b4a485fb2, title=Task 5, description=Description of task 315]]], Category [id=9bfe06c9-0149-48e7-9bc9-8a364f30672a, title=Category 3-2, cards=[Card [id=9701e230-0fde-49f5-8637-bd5771d26c15, title=Task 1, description=Description of task 321], Card [id=c2a1f427-cd90-44dd-acc8-f452e5e3756c, title=Task 2, description=Description of task 322], Card [id=2f5eb94f-5170-49ab-9628-33cabfbe10a4, title=Task 3, description=Description of task 323], Card [id=ce7a3ce5-a9c5-4d81-8aa6-873d6fb81747, title=Task 4, description=Description of task 324], Card [id=412dfbd0-1b59-4d63-bfb8-e7cf30aa74b4, title=Task 5, description=Description of task 325]]], Category [id=727c0f28-7f01-46c0-b515-20bd74d444ed, title=Category 3-3, cards=[Card [id=5dff328f-75bd-4060-bef9-33b2b7703ec8, title=Task 1, description=Description of task 331], Card [id=a637cb4f-8679-4295-a8b2-c4763d9d6cf0, title=Task 2, description=Description of task 332], Card [id=97cdbdae-55bf-4e47-9b2b-b4e21d2c7616, title=Task 3, description=Description of task 333], Card [id=952d4ef0-9384-4e9e-9934-d44cdc6c43ec, title=Task 4, description=Description of task 334], Card [id=d92579ea-b323-4fe0-b50b-db510ce358b1, title=Task 5, description=Description of task 335]]], Category [id=c122657a-333f-41a0-bcd4-caef74e851f5, title=Category 3-4, cards=[Card [id=d6484ffc-4adb-45b4-871d-4ef0f8584e05, title=Task 1, description=Description of task 341], Card [id=09698ca5-b399-4a72-a39e-4641c0b17ee7, title=Task 2, description=Description of task 342], Card [id=10935bc1-44e4-4386-a077-2edc09f8b080, title=Task 3, description=Description of task 343], Card [id=de93088f-4b6b-44fd-bc2f-18ce27115984, title=Task 4, description=Description of task 344], Card [id=562f91f7-aa00-4798-8e08-189e238d59b8, title=Task 5, description=Description of task 345]]]]]]]
2020-07-22 12:56:48 TRACE c.staging.controller.UserController - addUser()
2020-07-22 12:56:48 INFO  c.staging.controller.UserController - POST Request to '/api/v1/user/signup' 
2020-07-22 12:56:48 TRACE com.staging.service.UserService - addUser()
2020-07-22 12:56:48 TRACE com.staging.dao.FakeDataImpl - addUser()
2020-07-22 12:56:48 INFO  com.staging.dao.FakeDataImpl - adding user: dsmith
2020-07-22 12:56:52 TRACE c.s.controller.DebugController - getAllUsers()
2020-07-22 12:56:52 INFO  c.s.controller.DebugController - GET Request to '/api/debug/all-users' 
2020-07-22 12:56:52 TRACE com.staging.service.UserService - getAllUsers()
2020-07-22 12:56:52 TRACE com.staging.dao.FakeDataImpl - getAllUsers()
2020-07-22 12:59:53 INFO  com.staging.ManagementBoardBack - Starting ManagementBoardBack on DESKTOP-MICHAEL with PID 15724 (C:\MJM\Revature\Staging\StagingManagementBoardProject\ManagementBoardBack\target\classes started by Michael in C:\MJM\Revature\Staging\StagingManagementBoardProject\ManagementBoardBack)
2020-07-22 12:59:53 DEBUG com.staging.ManagementBoardBack - Running with Spring Boot v2.3.1.RELEASE, Spring v5.2.7.RELEASE
2020-07-22 12:59:53 INFO  com.staging.ManagementBoardBack - No active profile set, falling back to default profiles: default
2020-07-22 12:59:54 TRACE com.staging.dao.FakeDataImpl - FakeDataImpl()
2020-07-22 12:59:54 INFO  com.staging.dao.FakeDataImpl - Sample user data has been set up
2020-07-22 12:59:55 INFO  com.staging.ManagementBoardBack - Started ManagementBoardBack in 1.533 seconds (JVM running for 1.829)
2020-07-22 13:00:06 TRACE c.staging.controller.UserController - 


2020-07-22 13:00:06 TRACE c.staging.controller.UserController - getUserByUsernameAndPassword()
2020-07-22 13:00:06 INFO  c.staging.controller.UserController - POST Request to '/api/v1/user/login' 
2020-07-22 13:00:06 TRACE com.staging.service.UserService - getUserByUsernameAndPassword()
2020-07-22 13:00:06 TRACE com.staging.dao.FakeDataImpl - getUserByUsernameAndPassword()
2020-07-22 13:00:06 INFO  com.staging.dao.FakeDataImpl - User found: 
User [id=2b1df131-0470-4d5a-a117-dbced23b6e7a, firstName=Joe, lastName=Smith, username=jsmith, password=j123, boards=[Board [id=71daaae6-3196-4cae-9ef5-46a643d995b8, title=Board 1, categories=[Category [id=2eef54d3-e578-479a-8919-44077b58ff2d, title=Category 1-1, cards=[Card [id=1f76b2e0-979f-4652-bfa6-2fd64e9d2cb8, title=Task 1, description=Description of task 111], Card [id=fa916ef9-88a6-4093-aa1d-7676f19d6972, title=Task 2, description=Description of task 112], Card [id=2e7c6018-de85-4497-81ee-9c2cd6076954, title=Task 3, description=Description of task 113], Card [id=803eba92-cdbc-41ae-a416-e8d4f9f34d5a, title=Task 4, description=Description of task 114], Card [id=75c731f2-a3bf-4ef1-87ef-f5966177f7b9, title=Task 5, description=Description of task 115]]], Category [id=af714565-da52-467b-a794-674fe7fa0448, title=Category 1-2, cards=[Card [id=24de1eed-0060-403d-abb4-3d8383f12446, title=Task 1, description=Description of task 121], Card [id=2fd5f0fa-255c-4b08-9c46-e0148891691c, title=Task 2, description=Description of task 122], Card [id=b41fd129-68e2-4419-baf4-c8bca16fdbd4, title=Task 3, description=Description of task 123], Card [id=599623c6-78ed-48a7-b255-a462667f7ff6, title=Task 4, description=Description of task 124], Card [id=ed017f9e-e9f9-456c-8485-f414a533be28, title=Task 5, description=Description of task 125]]], Category [id=48aa0d0e-3bb9-4e88-8035-423dbf7cd10b, title=Category 1-3, cards=[Card [id=8e1731f8-a524-4473-baaa-c652e8eeab6d, title=Task 1, description=Description of task 131], Card [id=f2270689-bb0b-429f-b99c-3ada65b9f3ee, title=Task 2, description=Description of task 132], Card [id=c30fc1df-aec3-4beb-a0b8-433004500cef, title=Task 3, description=Description of task 133], Card [id=ec3feffe-94cc-4768-bc61-b9b9ffa332cf, title=Task 4, description=Description of task 134], Card [id=3e2cb6db-051b-42dc-9c3e-84ee987d9873, title=Task 5, description=Description of task 135]]], Category [id=17f7a337-c258-4dc5-88f9-db234d1a6f57, title=Category 1-4, cards=[Card [id=6d520be0-4225-4ed2-b6ef-159c34c3c459, title=Task 1, description=Description of task 141], Card [id=73efcbc9-76c6-491f-a845-3c8548791c29, title=Task 2, description=Description of task 142], Card [id=2bda1776-3d0a-4469-978a-3546cc6f17ef, title=Task 3, description=Description of task 143], Card [id=935d3407-2e44-4fb8-91fe-c74cce5c7cb1, title=Task 4, description=Description of task 144], Card [id=993d7198-5647-4ce4-a4b8-5005062f0c5f, title=Task 5, description=Description of task 145]]]]], Board [id=7372caaa-7f79-4204-96f4-ceec0d6cbfcc, title=Board 2, categories=[Category [id=b938056e-65ee-434f-8a62-620d58d18d55, title=Category 2-1, cards=[Card [id=5edac5f2-8089-45a2-8f3d-682a3e9530e7, title=Task 1, description=Description of task 211], Card [id=b5843150-eaec-4294-bb2e-ceadc5d667fd, title=Task 2, description=Description of task 212], Card [id=722f17e3-7f7b-45b9-b953-1bbb3207c92a, title=Task 3, description=Description of task 213], Card [id=292624c2-20a7-44d6-be13-ba049f21d554, title=Task 4, description=Description of task 214], Card [id=efde3582-1951-4383-b14c-837b8d8b26a6, title=Task 5, description=Description of task 215]]], Category [id=668381d1-d14d-4c90-9277-816d2e5c0d8d, title=Category 2-2, cards=[Card [id=7bd8aadc-b12b-4d6f-bce9-fdb51cf71310, title=Task 1, description=Description of task 221], Card [id=8034df87-70cc-43dd-8493-7b3571416fab, title=Task 2, description=Description of task 222], Card [id=3a529d8e-253a-4f14-b382-d9683190c2ce, title=Task 3, description=Description of task 223], Card [id=3abca60e-6a5f-4898-a918-bf858107a89b, title=Task 4, description=Description of task 224], Card [id=f9241847-852c-4aef-8e4a-3be1536dd648, title=Task 5, description=Description of task 225]]], Category [id=97f0b608-75b9-4e1c-963e-55cf341eeaa1, title=Category 2-3, cards=[Card [id=5a982645-5eae-49f3-950a-5bdb39a33097, title=Task 1, description=Description of task 231], Card [id=dcb61275-7c7f-476f-836e-4a2f0e5fdeef, title=Task 2, description=Description of task 232], Card [id=9844c291-3d1e-4dca-8395-be66ecbe1856, title=Task 3, description=Description of task 233], Card [id=8dbe4663-b547-4d48-b208-789ea80b7113, title=Task 4, description=Description of task 234], Card [id=cc89dc04-0885-4871-bda5-c7845b79cb91, title=Task 5, description=Description of task 235]]], Category [id=c5fb53ac-2545-4b1c-8612-91b4fc0d8b02, title=Category 2-4, cards=[Card [id=58114403-6a5d-4208-971f-e157cf53eebd, title=Task 1, description=Description of task 241], Card [id=69b08758-1a1a-49b9-8b47-c3fd7704da77, title=Task 2, description=Description of task 242], Card [id=d5005ee4-1c45-47c2-a01d-9e5246d683b0, title=Task 3, description=Description of task 243], Card [id=3a791b44-dc8a-482a-bb57-fc7ec5422b79, title=Task 4, description=Description of task 244], Card [id=83341124-4906-4575-80b0-0cc897cc99f7, title=Task 5, description=Description of task 245]]]]], Board [id=020d2155-bb56-4813-9fe2-c026d2c5ef43, title=Board 3, categories=[Category [id=08e6d663-6754-40d1-bf80-0d0281aa8098, title=Category 3-1, cards=[Card [id=20088d7b-068c-420d-8dcf-d6cc2e3e7e8b, title=Task 1, description=Description of task 311], Card [id=c3103732-047e-4060-aad9-c584afc55967, title=Task 2, description=Description of task 312], Card [id=30b77632-b322-4294-a24b-71745c922fd7, title=Task 3, description=Description of task 313], Card [id=6edfd42d-395d-406e-9fa6-b0b1c3d7d6ef, title=Task 4, description=Description of task 314], Card [id=6631aec8-61fb-4707-a827-c40b5b464ba8, title=Task 5, description=Description of task 315]]], Category [id=f35453e5-e164-4cae-8fe4-08030c3dc6d4, title=Category 3-2, cards=[Card [id=076e3cc6-a313-4c5e-bbe9-2b5880eb1eae, title=Task 1, description=Description of task 321], Card [id=0a03a976-3a84-49b5-8201-9e8d8b7c43a3, title=Task 2, description=Description of task 322], Card [id=67f4bd0d-1e38-47e0-a097-a1cd1a8032e7, title=Task 3, description=Description of task 323], Card [id=9c7362b5-3f01-4db5-8ba1-aad33ed8951d, title=Task 4, description=Description of task 324], Card [id=23ec1f59-0a76-4c49-8255-721930f4aaa2, title=Task 5, description=Description of task 325]]], Category [id=d76a6fbd-7ff9-4d32-ae6c-9d6cd28746c1, title=Category 3-3, cards=[Card [id=5ed00a5b-6caa-464c-8a35-c065d3c371b7, title=Task 1, description=Description of task 331], Card [id=4b7f6a0d-5840-4cf7-8b21-8a864c90ef07, title=Task 2, description=Description of task 332], Card [id=176a9706-0583-4d0c-8ef0-29da28a4e3f2, title=Task 3, description=Description of task 333], Card [id=4fcdb439-4341-4085-906d-ddda8d1d239d, title=Task 4, description=Description of task 334], Card [id=6fb624b2-e213-408d-9040-e3f97129c14d, title=Task 5, description=Description of task 335]]], Category [id=7760bf01-025b-4844-bf9f-a466c30bc1bb, title=Category 3-4, cards=[Card [id=7d188b78-fd3c-4086-92c2-f09f8b22c689, title=Task 1, description=Description of task 341], Card [id=52253673-0c6e-49f2-b009-13a59d840a83, title=Task 2, description=Description of task 342], Card [id=74c1b705-35ab-45af-8c37-04f1b141e953, title=Task 3, description=Description of task 343], Card [id=aacce1c9-eb5c-4857-883b-537f1e6fe4a2, title=Task 4, description=Description of task 344], Card [id=11c1d6bf-742e-4cdf-b224-1dbc9bd2eada, title=Task 5, description=Description of task 345]]]]]]]
2020-07-22 13:00:11 TRACE c.s.controller.DebugController - 


2020-07-22 13:00:11 TRACE c.s.controller.DebugController - getAllUsers()
2020-07-22 13:00:11 INFO  c.s.controller.DebugController - GET Request to '/api/debug/all-users' 
2020-07-22 13:00:11 TRACE com.staging.service.UserService - getAllUsers()
2020-07-22 13:00:11 TRACE com.staging.dao.FakeDataImpl - getAllUsers()
